<?xml version="1.0" encoding="UTF-8"?>
<!-- Generated by org.testng.reporters.JUnitXMLReporter -->
<testsuite hostname="DESKTOP-ACNCPE0" ignored="0" name="Test" tests="1" failures="1" timestamp="26 Jun 2021 06:34:03 GMT" time="24.677" errors="0">
  <testcase name="test" time="0.121" classname="swagtest.swagTest">
    <failure type="java.lang.NullPointerException">
      <![CDATA[java.lang.NullPointerException
at pages.SwagLabpage.SwagPage(SwagLabpage.java:40)
at swagtest.swagTest.test(swagTest.java:15)
at java.util.concurrent.ThreadPoolExecutor.runWorker(Unknown Source)
at java.util.concurrent.ThreadPoolExecutor$Worker.run(Unknown Source)
at java.lang.Thread.run(Unknown Source)
... Removed 10 stack frames]]>
    </failure>
  </testcase> <!-- test -->
</testsuite> <!-- Test -->
