<?xml version="1.0" encoding="UTF-8"?>
<testng-results skipped="0" failed="0" ignored="0" total="2" passed="2">
  <reporter-output>
  </reporter-output>
  <suite name="Suite" duration-ms="15259" started-at="2021-07-04T13:58:18Z" finished-at="2021-07-04T13:58:33Z">
    <groups>
    </groups>
    <test name="Test" duration-ms="15259" started-at="2021-07-04T13:58:18Z" finished-at="2021-07-04T13:58:33Z">
      <class name="test.ParallelTest">
        <test-method status="PASS" signature="SwaglabTest()[pri:0, instance:test.ParallelTest@3bfdc050]" name="SwaglabTest" duration-ms="13817" started-at="2021-07-04T13:58:18Z" finished-at="2021-07-04T13:58:32Z">
          <reporter-output>
          </reporter-output>
        </test-method> <!-- SwaglabTest -->
        <test-method status="PASS" signature="simplilearnTest()[pri:0, instance:test.ParallelTest@3bfdc050]" name="simplilearnTest" duration-ms="15135" started-at="2021-07-04T13:58:18Z" finished-at="2021-07-04T13:58:33Z">
          <reporter-output>
          </reporter-output>
        </test-method> <!-- simplilearnTest -->
      </class> <!-- test.ParallelTest -->
    </test> <!-- Test -->
  </suite> <!-- Suite -->
</testng-results>
