<?xml version="1.0" encoding="UTF-8"?>
<testng-results skipped="0" failed="1" ignored="0" total="1" passed="0">
  <reporter-output>
  </reporter-output>
  <suite name="Suite" duration-ms="24677" started-at="2021-06-26T06:33:38Z" finished-at="2021-06-26T06:34:03Z">
    <groups>
    </groups>
    <test name="Test" duration-ms="24677" started-at="2021-06-26T06:33:38Z" finished-at="2021-06-26T06:34:03Z">
      <class name="swagtest.swagTest">
        <test-method status="PASS" signature="setup()[pri:0, instance:swagtest.swagTest@61832929]" name="setup" is-config="true" duration-ms="22130" started-at="2021-06-26T06:33:38Z" finished-at="2021-06-26T06:34:00Z">
          <reporter-output>
          </reporter-output>
        </test-method> <!-- setup -->
        <test-method status="FAIL" signature="test()[pri:0, instance:swagtest.swagTest@61832929]" name="test" duration-ms="121" started-at="2021-06-26T06:34:00Z" finished-at="2021-06-26T06:34:00Z">
          <exception class="java.lang.NullPointerException">
            <full-stacktrace>
              <![CDATA[java.lang.NullPointerException
at pages.SwagLabpage.SwagPage(SwagLabpage.java:40)
at swagtest.swagTest.test(swagTest.java:15)
at sun.reflect.NativeMethodAccessorImpl.invoke0(Native Method)
at sun.reflect.NativeMethodAccessorImpl.invoke(Unknown Source)
at sun.reflect.DelegatingMethodAccessorImpl.invoke(Unknown Source)
at java.lang.reflect.Method.invoke(Unknown Source)
at org.testng.internal.MethodInvocationHelper.invokeMethod(MethodInvocationHelper.java:124)
at org.testng.internal.Invoker.invokeMethod(Invoker.java:583)
at org.testng.internal.Invoker.invokeTestMethod(Invoker.java:719)
at org.testng.internal.Invoker.invokeTestMethods(Invoker.java:989)
at org.testng.internal.TestMethodWorker.invokeTestMethods(TestMethodWorker.java:125)
at org.testng.internal.TestMethodWorker.run(TestMethodWorker.java:109)
at java.util.concurrent.ThreadPoolExecutor.runWorker(Unknown Source)
at java.util.concurrent.ThreadPoolExecutor$Worker.run(Unknown Source)
at java.lang.Thread.run(Unknown Source)
]]>
            </full-stacktrace>
          </exception> <!-- java.lang.NullPointerException -->
          <reporter-output>
          </reporter-output>
        </test-method> <!-- test -->
        <test-method status="PASS" signature="teardown()[pri:0, instance:swagtest.swagTest@61832929]" name="teardown" is-config="true" duration-ms="2269" started-at="2021-06-26T06:34:00Z" finished-at="2021-06-26T06:34:03Z">
          <reporter-output>
          </reporter-output>
        </test-method> <!-- teardown -->
      </class> <!-- swagtest.swagTest -->
    </test> <!-- Test -->
  </suite> <!-- Suite -->
</testng-results>
